\BOOKMARK [0][-]{chapter.1}{\376\377\000Z\000u\000s\000a\000m\000m\000e\000n\000f\000a\000s\000s\000u\000n\000g}{}% 1
\BOOKMARK [0][-]{chapter.2}{\376\377\000E\000i\000n\000l\000e\000i\000t\000u\000n\000g}{}% 2
\BOOKMARK [0][-]{chapter.3}{\376\377\000T\000h\000e\000o\000r\000e\000t\000i\000s\000c\000h\000e\000r\000\040\000T\000e\000i\000l}{}% 3
\BOOKMARK [1][-]{section.3.1}{\376\377\000C\000h\000e\000m\000i\000s\000c\000h\000e\000\040\000S\000t\000r\000u\000k\000t\000u\000r\000\040\000u\000n\000d\000\040\000F\000l\000u\000o\000r\000e\000s\000z\000e\000n\000z}{chapter.3}% 4
\BOOKMARK [1][-]{section.3.2}{\376\377\000P\000E\000T\000-\000b\000a\000s\000i\000e\000r\000t\000e\000\040\000F\000l\000u\000o\000r\000e\000s\000z\000e\000n\000z\000s\000e\000n\000s\000o\000r\000e\000n}{chapter.3}% 5
\BOOKMARK [2][-]{subsection.3.2.1}{\376\377\000P\000E\000T\000\040\000u\000n\000d\000\040\000C\000H\000E\000F}{section.3.2}% 6
\BOOKMARK [2][-]{subsection.3.2.2}{\376\377\000A\000u\000f\000b\000a\000u\000\040\000d\000e\000s\000\040\000F\000l\000u\000o\000r\000e\000s\000z\000e\000n\000z\000s\000e\000n\000s\000o\000r\000s}{section.3.2}% 7
\BOOKMARK [2][-]{subsection.3.2.3}{\376\377\000C\000a\000l\000i\000x\000a\000r\000e\000n\000e\000\040\000u\000n\000d\000\040\000S\000c\000h\000i\000f\000f\000s\000c\000h\000e\000\040\000B\000a\000s\000e\000n}{section.3.2}% 8
\BOOKMARK [1][-]{section.3.3}{\376\377\000V\000o\000r\000t\000e\000i\000l\000e\000\040\000d\000e\000s\000\040\000L\000a\000b\000\040\000o\000n\000\040\000a\000\040\000c\000h\000i\000p\000-\000S\000y\000s\000t\000e\000m\000s}{chapter.3}% 9
\BOOKMARK [0][-]{chapter.4}{\376\377\000Z\000i\000e\000l\000s\000e\000t\000z\000u\000n\000g}{}% 10
\BOOKMARK [0][-]{chapter.5}{\376\377\000E\000r\000g\000e\000b\000n\000i\000s\000s\000e\000\040\000u\000n\000d\000\040\000D\000i\000s\000k\000u\000s\000s\000i\000o\000n}{}% 11
\BOOKMARK [1][-]{section.5.1}{\376\377\000V\000o\000r\000v\000e\000r\000s\000u\000c\000h\000e\000\040\000a\000m\000\040\000M\000o\000d\000e\000l\000l\000s\000y\000s\000t\000e\000m\000\040\000P\000y\000r\000a\000n\000i\000n}{chapter.5}% 12
\BOOKMARK [2][-]{subsection.5.1.1}{\376\377\000S\000p\000e\000k\000t\000r\000o\000s\000k\000o\000p\000i\000s\000c\000h\000e\000\040\000C\000h\000a\000r\000a\000k\000t\000e\000r\000i\000s\000i\000e\000r\000u\000n\000g}{section.5.1}% 13
\BOOKMARK [2][-]{subsection.5.1.2}{\376\377\000I\000m\000m\000o\000b\000i\000l\000i\000s\000i\000e\000r\000u\000n\000g}{section.5.1}% 14
\BOOKMARK [1][-]{section.5.2}{\376\377\000C\000a\000l\000i\000x\000[\0004\000]\000a\000r\000e\000n}{chapter.5}% 15
\BOOKMARK [2][-]{subsection.5.2.1}{\376\377\000S\000t\000u\000d\000i\000e\000\040\000z\000u\000r\000\040\000F\000\344\000h\000i\000g\000k\000e\000i\000t\000\040\000a\000l\000s\000\040\000Z\000i\000n\000k\000d\000e\000t\000e\000k\000t\000o\000r}{section.5.2}% 16
\BOOKMARK [2][-]{subsection.5.2.2}{\376\377\000I\000m\000m\000o\000b\000i\000l\000i\000s\000i\000e\000r\000u\000n\000g}{section.5.2}% 17
\BOOKMARK [2][-]{subsection.5.2.3}{\376\377\000F\000l\000o\000w\000a\000n\000s\000a\000t\000z}{section.5.2}% 18
\BOOKMARK [0][-]{chapter.6}{\376\377\000A\000u\000s\000b\000l\000i\000c\000k}{}% 19
\BOOKMARK [0][-]{chapter.7}{\376\377\000E\000x\000p\000e\000r\000i\000m\000e\000n\000t\000e\000l\000l\000e\000r\000\040\000T\000e\000i\000l}{}% 20
\BOOKMARK [1][-]{section.7.1}{\376\377\000S\000p\000e\000k\000t\000r\000o\000s\000k\000o\000p\000i\000s\000c\000h\000e\000\040\000C\000h\000a\000r\000a\000k\000t\000e\000r\000i\000s\000i\000e\000r\000u\000n\000g}{chapter.7}% 21
\BOOKMARK [1][-]{section.7.2}{\376\377\000C\000h\000i\000p\000d\000r\000u\000c\000k}{chapter.7}% 22
\BOOKMARK [0][-]{chapter.8}{\376\377\000L\000i\000t\000e\000r\000a\000t\000u\000r\000v\000e\000r\000z\000e\000i\000c\000h\000n\000i\000s}{}% 23
