\BOOKMARK [0][-]{chapter.1}{Zusammenfassung}{}% 1
\BOOKMARK [0][-]{chapter.2}{Einleitung}{}% 2
\BOOKMARK [0][-]{chapter.3}{Theorie}{}% 3
\BOOKMARK [1][-]{section.3.1}{Lab-on-a-chip}{chapter.3}% 4
\BOOKMARK [1][-]{section.3.2}{Photoinduzierter Elektronentransfer \(PET\)}{chapter.3}% 5
\BOOKMARK [1][-]{section.3.3}{Fluoreszenzsensoren}{chapter.3}% 6
\BOOKMARK [1][-]{section.3.4}{Calixarene}{chapter.3}% 7
\BOOKMARK [0][-]{chapter.4}{Problemstellung}{}% 8
\BOOKMARK [0][-]{chapter.5}{Ergebnisse}{}% 9
\BOOKMARK [1][-]{section.5.1}{Spektroskopische Charakterisierung}{chapter.5}% 10
\BOOKMARK [2][-]{subsection.5.1.1}{Pyranin}{section.5.1}% 11
\BOOKMARK [2][-]{subsection.5.1.2}{Ligand und Komplex}{section.5.1}% 12
\BOOKMARK [1][-]{section.5.2}{Immobilisierung}{chapter.5}% 13
\BOOKMARK [2][-]{subsection.5.2.1}{Pyranin}{section.5.2}% 14
\BOOKMARK [2][-]{subsection.5.2.2}{Ligand und Komplex}{section.5.2}% 15
\BOOKMARK [1][-]{section.5.3}{Flowansatz}{chapter.5}% 16
\BOOKMARK [2][-]{subsection.5.3.1}{Pyranin}{section.5.3}% 17
\BOOKMARK [2][-]{subsection.5.3.2}{Ligand und Komplex}{section.5.3}% 18
\BOOKMARK [0][-]{chapter.6}{Diskussion}{}% 19
\BOOKMARK [0][-]{chapter.7}{Ausblick}{}% 20
\BOOKMARK [0][-]{chapter.8}{Experimentalteil}{}% 21
\BOOKMARK [0][-]{chapter.9}{Literaturverzeichnis}{}% 22
